<?xml version="1.0" encoding="UTF-8" ?>
<testsuite tests="7" failures="0" name="net.mooctest.TestFibonacciHeap" time="0.057" errors="0" skipped="0">
  <properties>
[...]
</properties>
  <testcase classname="net.mooctest.TestFibonacciHeap" name="testWei" time="0.021"/>
  <testcase classname="net.mooctest.TestFibonacciHeap" name="testEdge1" time="0.009"/>
  <testcase classname="net.mooctest.TestFibonacciHeap" name="testEdge" time="0.001"/>
  <testcase classname="net.mooctest.TestFibonacciHeap" name="testPair" time="0"/>
  <testcase classname="net.mooctest.TestFibonacciHeap" name="test" time="0.013"/>
  <testcase classname="net.mooctest.TestFibonacciHeap" name="test1" time="0"/>
  <testcase classname="net.mooctest.TestFibonacciHeap" name="testArborescence" time="0.013"/>
</testsuite>