<?xml version="1.0" encoding="UTF-8" ?>
<testsuite tests="11" failures="0" name="net.mooctest.TestFibonacciHeap" time="0.105" errors="0" skipped="0">
  <properties>
[...]
</properties>
  <testcase classname="net.mooctest.TestFibonacciHeap" name="test002" time="0.028"/>
  <testcase classname="net.mooctest.TestFibonacciHeap" name="test003" time="0.026"/>
  <testcase classname="net.mooctest.TestFibonacciHeap" name="test009" time="0.038"/>
  <testcase classname="net.mooctest.TestFibonacciHeap" name="test00201" time="0.002"/>
  <testcase classname="net.mooctest.TestFibonacciHeap" name="test00221" time="0.003"/>
  <testcase classname="net.mooctest.TestFibonacciHeap" name="test00222" time="0.001"/>
  <testcase classname="net.mooctest.TestFibonacciHeap" name="test05" time="0.003"/>
  <testcase classname="net.mooctest.TestFibonacciHeap" name="test09" time="0.001"/>
  <testcase classname="net.mooctest.TestFibonacciHeap" name="test11" time="0.002"/>
  <testcase classname="net.mooctest.TestFibonacciHeap" name="test20" time="0.001"/>
  <testcase classname="net.mooctest.TestFibonacciHeap" name="test" time="0"/>
</testsuite>