<?xml version="1.0" encoding="UTF-8" ?>
<testsuite tests="13" failures="0" name="net.mooctest.Testall" time="0.085" errors="0" skipped="0">
  <properties>
[...]
</properties>
  <testcase classname="net.mooctest.Testall" name="Equaltest" time="0.014"/>
  <testcase classname="net.mooctest.Testall" name="test10" time="0.001"/>
  <testcase classname="net.mooctest.Testall" name="test" time="0.058"/>
  <testcase classname="net.mooctest.Testall" name="test0" time="0.001"/>
  <testcase classname="net.mooctest.Testall" name="test1" time="0.001"/>
  <testcase classname="net.mooctest.Testall" name="test2" time="0"/>
  <testcase classname="net.mooctest.Testall" name="test3" time="0.001"/>
  <testcase classname="net.mooctest.Testall" name="test4" time="0"/>
  <testcase classname="net.mooctest.Testall" name="test5" time="0.001"/>
  <testcase classname="net.mooctest.Testall" name="test6" time="0.004"/>
  <testcase classname="net.mooctest.Testall" name="test7" time="0.003"/>
  <testcase classname="net.mooctest.Testall" name="test8" time="0.001"/>
  <testcase classname="net.mooctest.Testall" name="test9" time="0"/>
</testsuite>