<?xml version="1.0" encoding="UTF-8" ?>
<testsuite tests="9" failures="0" name="net.mooctest.TestFibonacciHeap" time="0.199" errors="0" skipped="0">
  <properties>
[...]
</properties>
  <testcase classname="net.mooctest.TestFibonacciHeap" name="test_Correctness" time="0.023"/>
  <testcase classname="net.mooctest.TestFibonacciHeap" name="test03" time="0.001"/>
  <testcase classname="net.mooctest.TestFibonacciHeap" name="test_Duplicates" time="0.006"/>
  <testcase classname="net.mooctest.TestFibonacciHeap" name="test_MinComparison" time="0.005"/>
  <testcase classname="net.mooctest.TestFibonacciHeap" name="test_Duplicates_Smaller" time="0"/>
  <testcase classname="net.mooctest.TestFibonacciHeap" name="test" time="0.006"/>
  <testcase classname="net.mooctest.TestFibonacciHeap" name="test_InsertRemoveMin" time="0.158"/>
  <testcase classname="net.mooctest.TestFibonacciHeap" name="test_Duplicates_Larger" time="0"/>
  <testcase classname="net.mooctest.TestFibonacciHeap" name="test_Union" time="0"/>
</testsuite>