* Starting client
* Connecting to master process on port 8943
* Analyzing classpath: 
  - C:\mooctest\projects\3933\48192\Tarjan\target\test-classes
  - C:\mooctest\projects\3933\48192\Tarjan\target\classes
  - C:\Users\Administrator\.m2\repository\com\github\stefanbirkner\system-rules\1.18.0\system-rules-1.18.0.jar
  - C:\Users\Administrator\.m2\repository\dom4j\dom4j\1.6.1\dom4j-1.6.1.jar
  - C:\Users\Administrator\.m2\repository\xml-apis\xml-apis\1.0.b2\xml-apis-1.0.b2.jar
  - C:\Users\Administrator\.m2\repository\com\github\javaparser\javaparser-core\3.5.17\javaparser-core-3.5.17.jar
  - C:\Users\Administrator\.m2\repository\junit\junit\4.12\junit-4.12.jar
  - C:\Users\Administrator\.m2\repository\org\hamcrest\hamcrest-core\1.3\hamcrest-core-1.3.jar
  - C:\Users\Administrator\.m2\repository\com\google\guava\guava\14.0\guava-14.0.jar
* Finished analyzing classpath
* Generating tests for class net.mooctest.WeightedGraph
* Test criteria:
  - Line Coverage
  - Branch Coverage
  - Exception
  - Mutation testing (weak)
  - Method-Output Coverage
  - Top-Level Method Coverage
  - No-Exception Top-Level Method Coverage
  - Context Branch Coverage
* Setting up search algorithm for whole suite generation
[MASTER] 13:58:27.047 [pool-2-thread-1] WARN  TestSuiteSerialization - Cannot load tests because file does not exist: C:\mooctest\projects\3933\48192\Tarjan\.evosuite\evosuite-seeds\net.mooctest.WeightedGraph.seed
* Loaded 0 tests from C:\mooctest\projects\3933\48192\Tarjan\.evosuite\evosuite-seeds\net.mooctest.WeightedGraph.seed
* Total number of test goals: 
  - Line 8
  - Branch 7
  - Exception 0
  - MutationFactory 3
  - Output 9
  - Method 4
  - MethodNoException 4
  - CBranchFitnessFactory 7
* Using seed 1575093500372
* Starting evolution
[MASTER] 13:58:27.349 [pool-2-thread-1] WARN  TimeController - Phase INITIALIZATION lasted too long, 0 seconds more than allowed.
[MASTER] 13:58:47.545 [pool-2-thread-1] WARN  TestChromosome - Functional mock problem: org.evosuite.ga.ConstructionFailedException: Failed to add constructor for com.github.javaparser.ast.body.MethodDeclaration due to org.evosuite.ga.ConstructionFailedException: Failed to add constructor for com.github.javaparser.ast.body.EnumDeclaration due to org.evosuite.ga.ConstructionFailedException: Failed to add constructor for com.github.javaparser.ast.body.AnnotationMemberDeclaration due to org.evosuite.ga.ConstructionFailedException: Max recursion depth reached
* Search finished after 48s and 101 generations, 54141 statements, best individual has fitness: 19.666666666666664
* Writing sequences to pool
* Minimizing test suite
* Going to analyze the coverage criteria
* Coverage analysis for criterion LINE
* Coverage of criterion LINE: 75%
* Total number of goals: 8
* Number of covered goals: 6
* Coverage analysis for criterion BRANCH
* Coverage of criterion BRANCH: 57%
* Total number of goals: 7
* Number of covered goals: 4
* Coverage analysis for criterion EXCEPTION
* Coverage of criterion EXCEPTION: 100%
* Total number of goals: 1
* Number of covered goals: 1
* Coverage analysis for criterion WEAKMUTATION
* Coverage of criterion WEAKMUTATION: 67%
* Total number of goals: 3
* Number of covered goals: 2
* Coverage analysis for criterion OUTPUT
* Coverage of criterion OUTPUT: 44%
* Total number of goals: 9
* Number of covered goals: 4
* Coverage analysis for criterion METHOD
* Coverage of criterion METHOD: 100%
* Total number of goals: 4
* Number of covered goals: 4
* Coverage analysis for criterion METHODNOEXCEPTION
* Coverage of criterion METHODNOEXCEPTION: 100%
* Total number of goals: 4
* Number of covered goals: 4
* Coverage analysis for criterion CBRANCH
* Coverage of criterion CBRANCH: 43%
* Total number of goals: 7
* Number of covered goals: 3
* Generated 5 tests with total length 26
* Resulting test suite's coverage: 73% (average coverage for all fitness functions)
* Generating assertions
* Resulting test suite's mutation score: 33%
* Compiling and checking tests
* Writing JUnit test case 'WeightedGraph_ESTest' to C:\mooctest\projects\3933\48192\Tarjan\.evosuite\tmp_2019_11_30_13_49_29\tests
* Done!

