<?xml version="1.0" encoding="UTF-8" ?>
<testsuite tests="6" failures="0" name="net.mooctest.PairTest" time="0.007" errors="0" skipped="0">
  <properties>
[...]
</properties>
  <testcase classname="net.mooctest.PairTest" name="test_E4" time="0"/>
  <testcase classname="net.mooctest.PairTest" name="test_E5" time="0"/>
  <testcase classname="net.mooctest.PairTest" name="test_E0" time="0"/>
  <testcase classname="net.mooctest.PairTest" name="test_E1" time="0.006"/>
  <testcase classname="net.mooctest.PairTest" name="test_E2" time="0.001"/>
  <testcase classname="net.mooctest.PairTest" name="test_E3" time="0"/>
</testsuite>