<?xml version="1.0" encoding="UTF-8" ?>
<testsuite tests="9" failures="0" name="net.mooctest.TestFibonacciHeap" time="0.095" errors="0" skipped="0">
  <properties>
[...]
</properties>
  <testcase classname="net.mooctest.TestFibonacciHeap" name="test10" time="0.002"/>
  <testcase classname="net.mooctest.TestFibonacciHeap" name="test11" time="0.013"/>
  <testcase classname="net.mooctest.TestFibonacciHeap" name="test13" time="0.002"/>
  <testcase classname="net.mooctest.TestFibonacciHeap" name="test" time="0.066"/>
  <testcase classname="net.mooctest.TestFibonacciHeap" name="test0" time="0.011"/>
  <testcase classname="net.mooctest.TestFibonacciHeap" name="test1" time="0"/>
  <testcase classname="net.mooctest.TestFibonacciHeap" name="test2" time="0.001"/>
  <testcase classname="net.mooctest.TestFibonacciHeap" name="test3" time="0"/>
  <testcase classname="net.mooctest.TestFibonacciHeap" name="testGetSQL" time="0"/>
</testsuite>