<?xml version="1.0" encoding="UTF-8" ?>
<testsuite tests="5" failures="0" name="net.mooctest.TestFibonacciHeap" time="0.179" errors="0" skipped="0">
  <properties>
[...]
</properties>
  <testcase classname="net.mooctest.TestFibonacciHeap" name="testFibonacciQueue" time="0.059"/>
  <testcase classname="net.mooctest.TestFibonacciHeap" name="testDenseWeightedGraph" time="0.081"/>
  <testcase classname="net.mooctest.TestFibonacciHeap" name="test" time="0.021"/>
  <testcase classname="net.mooctest.TestFibonacciHeap" name="testWeighted" time="0.01"/>
  <testcase classname="net.mooctest.TestFibonacciHeap" name="testAnyWay" time="0.008"/>
</testsuite>