<?xml version="1.0" encoding="UTF-8" ?>
<testsuite tests="7" failures="0" name="net.mooctest.TestFibonacciHeap" time="0.047" errors="0" skipped="0">
  <properties>
[...]
</properties>
  <testcase classname="net.mooctest.TestFibonacciHeap" name="test1" time="0.016"/>
  <testcase classname="net.mooctest.TestFibonacciHeap" name="test2" time="0"/>
  <testcase classname="net.mooctest.TestFibonacciHeap" name="test3" time="0"/>
  <testcase classname="net.mooctest.TestFibonacciHeap" name="test4" time="0.015"/>
  <testcase classname="net.mooctest.TestFibonacciHeap" name="test5" time="0"/>
  <testcase classname="net.mooctest.TestFibonacciHeap" name="test6" time="0"/>
  <testcase classname="net.mooctest.TestFibonacciHeap" name="test7" time="0.016"/>
</testsuite>