<?xml version="1.0" encoding="UTF-8" ?>
<testsuite tests="14" failures="0" name="net.mooctest.TestFibonacciHeap" time="0.152" errors="0" skipped="0">
  <properties>
[...]
</properties>
  <testcase classname="net.mooctest.TestFibonacciHeap" name="test10" time="0.027"/>
  <testcase classname="net.mooctest.TestFibonacciHeap" name="test11" time="0"/>
  <testcase classname="net.mooctest.TestFibonacciHeap" name="test12" time="0.016"/>
  <testcase classname="net.mooctest.TestFibonacciHeap" name="test13" time="0.044"/>
  <testcase classname="net.mooctest.TestFibonacciHeap" name="test" time="0"/>
  <testcase classname="net.mooctest.TestFibonacciHeap" name="test1" time="0.041"/>
  <testcase classname="net.mooctest.TestFibonacciHeap" name="test2" time="0"/>
  <testcase classname="net.mooctest.TestFibonacciHeap" name="test3" time="0.001"/>
  <testcase classname="net.mooctest.TestFibonacciHeap" name="test4" time="0.017"/>
  <testcase classname="net.mooctest.TestFibonacciHeap" name="test5" time="0.001"/>
  <testcase classname="net.mooctest.TestFibonacciHeap" name="test6" time="0.001"/>
  <testcase classname="net.mooctest.TestFibonacciHeap" name="test7" time="0.001"/>
  <testcase classname="net.mooctest.TestFibonacciHeap" name="test8" time="0.002"/>
  <testcase classname="net.mooctest.TestFibonacciHeap" name="test9" time="0.001"/>
</testsuite>