<?xml version="1.0" encoding="UTF-8" ?>
<testsuite tests="100" failures="0" name="net.mooctest.TestFibonacciHeap" time="0.166" errors="0" skipped="0">
  <properties>
[...]
</properties>
  <testcase classname="net.mooctest.TestFibonacciHeap" name="test_Edge00" time="0.02"/>
  <testcase classname="net.mooctest.TestFibonacciHeap" name="test_Edge01" time="0.02"/>
  <testcase classname="net.mooctest.TestFibonacciHeap" name="test_Edge02" time="0"/>
  <testcase classname="net.mooctest.TestFibonacciHeap" name="test_Edge03" time="0.003"/>
  <testcase classname="net.mooctest.TestFibonacciHeap" name="test_Edge04" time="0"/>
  <testcase classname="net.mooctest.TestFibonacciHeap" name="test_Edge05" time="0.018"/>
  <testcase classname="net.mooctest.TestFibonacciHeap" name="test_Edge06" time="0.001"/>
  <testcase classname="net.mooctest.TestFibonacciHeap" name="test_Edge07" time="0"/>
  <testcase classname="net.mooctest.TestFibonacciHeap" name="test_Edge08" time="0"/>
  <testcase classname="net.mooctest.TestFibonacciHeap" name="test_Edge09" time="0.001"/>
  <testcase classname="net.mooctest.TestFibonacciHeap" name="test_Edge10" time="0"/>
  <testcase classname="net.mooctest.TestFibonacciHeap" name="test_Edge11" time="0"/>
  <testcase classname="net.mooctest.TestFibonacciHeap" name="test_Edge12" time="0.001"/>
  <testcase classname="net.mooctest.TestFibonacciHeap" name="test_Edge13" time="0"/>
  <testcase classname="net.mooctest.TestFibonacciHeap" name="test_Edge14" time="0.001"/>
  <testcase classname="net.mooctest.TestFibonacciHeap" name="test_Edge15" time="0"/>
  <testcase classname="net.mooctest.TestFibonacciHeap" name="test_Edge16" time="0.001"/>
  <testcase classname="net.mooctest.TestFibonacciHeap" name="test_Edge17" time="0"/>
  <testcase classname="net.mooctest.TestFibonacciHeap" name="test_Edge18" time="0.001"/>
  <testcase classname="net.mooctest.TestFibonacciHeap" name="test_Edge19" time="0"/>
  <testcase classname="net.mooctest.TestFibonacciHeap" name="test_Edge20" time="0"/>
  <testcase classname="net.mooctest.TestFibonacciHeap" name="test_Edge21" time="0.001"/>
  <testcase classname="net.mooctest.TestFibonacciHeap" name="test_Edge22" time="0"/>
  <testcase classname="net.mooctest.TestFibonacciHeap" name="test_Edge23" time="0.001"/>
  <testcase classname="net.mooctest.TestFibonacciHeap" name="test_FibonacciHeap03" time="0.01"/>
  <testcase classname="net.mooctest.TestFibonacciHeap" name="test_FibonacciHeap05" time="0"/>
  <testcase classname="net.mooctest.TestFibonacciHeap" name="test_FibonacciHeap07" time="0.001"/>
  <testcase classname="net.mooctest.TestFibonacciHeap" name="test_FibonacciHeap08" time="0"/>
  <testcase classname="net.mooctest.TestFibonacciHeap" name="test_FibonacciHeap13" time="0.001"/>
  <testcase classname="net.mooctest.TestFibonacciHeap" name="test_FibonacciHeap18" time="0"/>
  <testcase classname="net.mooctest.TestFibonacciHeap" name="test_ChuLiuEdmonds00" time="0.006"/>
  <testcase classname="net.mooctest.TestFibonacciHeap" name="test_ChuLiuEdmonds04" time="0.016"/>
  <testcase classname="net.mooctest.TestFibonacciHeap" name="test_ChuLiuEdmonds05" time="0.015"/>
  <testcase classname="net.mooctest.TestFibonacciHeap" name="test_ChuLiuEdmonds06" time="0"/>
  <testcase classname="net.mooctest.TestFibonacciHeap" name="test_ChuLiuEdmonds08" time="0"/>
  <testcase classname="net.mooctest.TestFibonacciHeap" name="test_ChuLiuEdmonds09" time="0"/>
  <testcase classname="net.mooctest.TestFibonacciHeap" name="test_ChuLiuEdmonds10" time="0.016"/>
  <testcase classname="net.mooctest.TestFibonacciHeap" name="test_ChuLiuEdmonds11" time="0"/>
  <testcase classname="net.mooctest.TestFibonacciHeap" name="test_ChuLiuEdmonds13" time="0"/>
  <testcase classname="net.mooctest.TestFibonacciHeap" name="test_ChuLiuEdmonds14" time="0"/>
  <testcase classname="net.mooctest.TestFibonacciHeap" name="test_Weighted00" time="0"/>
  <testcase classname="net.mooctest.TestFibonacciHeap" name="test_Weighted01" time="0"/>
  <testcase classname="net.mooctest.TestFibonacciHeap" name="test_Weighted02" time="0"/>
  <testcase classname="net.mooctest.TestFibonacciHeap" name="test_Weighted03" time="0"/>
  <testcase classname="net.mooctest.TestFibonacciHeap" name="test_Weighted04" time="0"/>
  <testcase classname="net.mooctest.TestFibonacciHeap" name="test_Weighted05" time="0"/>
  <testcase classname="net.mooctest.TestFibonacciHeap" name="test_Weighted06" time="0"/>
  <testcase classname="net.mooctest.TestFibonacciHeap" name="test_Weighted07" time="0"/>
  <testcase classname="net.mooctest.TestFibonacciHeap" name="test_Weighted08" time="0"/>
  <testcase classname="net.mooctest.TestFibonacciHeap" name="test_Weighted09" time="0"/>
  <testcase classname="net.mooctest.TestFibonacciHeap" name="test_Weighted10" time="0"/>
  <testcase classname="net.mooctest.TestFibonacciHeap" name="test_Weighted11" time="0"/>
  <testcase classname="net.mooctest.TestFibonacciHeap" name="test_DenseWeightedGraph00" time="0"/>
  <testcase classname="net.mooctest.TestFibonacciHeap" name="test_DenseWeightedGraph01" time="0"/>
  <testcase classname="net.mooctest.TestFibonacciHeap" name="test_DenseWeightedGraph02" time="0"/>
  <testcase classname="net.mooctest.TestFibonacciHeap" name="test_DenseWeightedGraph03" time="0"/>
  <testcase classname="net.mooctest.TestFibonacciHeap" name="test_DenseWeightedGraph04" time="0"/>
  <testcase classname="net.mooctest.TestFibonacciHeap" name="test_DenseWeightedGraph05" time="0"/>
  <testcase classname="net.mooctest.TestFibonacciHeap" name="test_DenseWeightedGraph06" time="0"/>
  <testcase classname="net.mooctest.TestFibonacciHeap" name="test_DenseWeightedGraph07" time="0"/>
  <testcase classname="net.mooctest.TestFibonacciHeap" name="test_DenseWeightedGraph08" time="0"/>
  <testcase classname="net.mooctest.TestFibonacciHeap" name="test_DenseWeightedGraph09" time="0"/>
  <testcase classname="net.mooctest.TestFibonacciHeap" name="test_DenseWeightedGraph10" time="0"/>
  <testcase classname="net.mooctest.TestFibonacciHeap" name="test_DenseWeightedGraph11" time="0"/>
  <testcase classname="net.mooctest.TestFibonacciHeap" name="test_DenseWeightedGraph12" time="0"/>
  <testcase classname="net.mooctest.TestFibonacciHeap" name="test" time="0"/>
  <testcase classname="net.mooctest.TestFibonacciHeap" name="test_Arborescence0" time="0"/>
  <testcase classname="net.mooctest.TestFibonacciHeap" name="test_Arborescence1" time="0"/>
  <testcase classname="net.mooctest.TestFibonacciHeap" name="test_Arborescence2" time="0"/>
  <testcase classname="net.mooctest.TestFibonacciHeap" name="test_Arborescence3" time="0"/>
  <testcase classname="net.mooctest.TestFibonacciHeap" name="test_Arborescence4" time="0"/>
  <testcase classname="net.mooctest.TestFibonacciHeap" name="test_Arborescence6" time="0"/>
  <testcase classname="net.mooctest.TestFibonacciHeap" name="test_Arborescence7" time="0"/>
  <testcase classname="net.mooctest.TestFibonacciHeap" name="test_Arborescence8" time="0"/>
  <testcase classname="net.mooctest.TestFibonacciHeap" name="test_SparseWeightedGraph00" time="0.016"/>
  <testcase classname="net.mooctest.TestFibonacciHeap" name="test_SparseWeightedGraph01" time="0"/>
  <testcase classname="net.mooctest.TestFibonacciHeap" name="test_SparseWeightedGraph03" time="0"/>
  <testcase classname="net.mooctest.TestFibonacciHeap" name="test_SparseWeightedGraph04" time="0"/>
  <testcase classname="net.mooctest.TestFibonacciHeap" name="test_SparseWeightedGraph05" time="0"/>
  <testcase classname="net.mooctest.TestFibonacciHeap" name="test_SparseWeightedGraph06" time="0"/>
  <testcase classname="net.mooctest.TestFibonacciHeap" name="test_SparseWeightedGraph09" time="0"/>
  <testcase classname="net.mooctest.TestFibonacciHeap" name="test_SparseWeightedGraph10" time="0"/>
  <testcase classname="net.mooctest.TestFibonacciHeap" name="test_KBestArborescences01" time="0"/>
  <testcase classname="net.mooctest.TestFibonacciHeap" name="test_KBestArborescences02" time="0"/>
  <testcase classname="net.mooctest.TestFibonacciHeap" name="test_KBestArborescences03" time="0"/>
  <testcase classname="net.mooctest.TestFibonacciHeap" name="test_KBestArborescences04" time="0"/>
  <testcase classname="net.mooctest.TestFibonacciHeap" name="test_KBestArborescences06" time="0"/>
  <testcase classname="net.mooctest.TestFibonacciHeap" name="test_KBestArborescences07" time="0"/>
  <testcase classname="net.mooctest.TestFibonacciHeap" name="test_KBestArborescences08" time="0"/>
  <testcase classname="net.mooctest.TestFibonacciHeap" name="test_KBestArborescences10" time="0.016"/>
  <testcase classname="net.mooctest.TestFibonacciHeap" name="test_KBestArborescences11" time="0"/>
  <testcase classname="net.mooctest.TestFibonacciHeap" name="test_KBestArborescences12" time="0"/>
  <testcase classname="net.mooctest.TestFibonacciHeap" name="test_KBestArborescences13" time="0"/>
  <testcase classname="net.mooctest.TestFibonacciHeap" name="test_Pair0" time="0"/>
  <testcase classname="net.mooctest.TestFibonacciHeap" name="test_Pair1" time="0"/>
  <testcase classname="net.mooctest.TestFibonacciHeap" name="test_Pair2" time="0"/>
  <testcase classname="net.mooctest.TestFibonacciHeap" name="test_Pair3" time="0"/>
  <testcase classname="net.mooctest.TestFibonacciHeap" name="test_Pair4" time="0"/>
  <testcase classname="net.mooctest.TestFibonacciHeap" name="test_Pair5" time="0"/>
  <testcase classname="net.mooctest.TestFibonacciHeap" name="test_Pair6" time="0"/>
</testsuite>