<?xml version="1.0" encoding="UTF-8" ?>
<testsuite tests="6" failures="0" name="net.mooctest.TestFibonacciHeap" time="0.305" errors="0" skipped="0">
  <properties>
[...]
</properties>
  <testcase classname="net.mooctest.TestFibonacciHeap" name="testExclusiveEdge" time="0.07"/>
  <testcase classname="net.mooctest.TestFibonacciHeap" name="testEdge" time="0.112"/>
  <testcase classname="net.mooctest.TestFibonacciHeap" name="testPartition" time="0.07"/>
  <testcase classname="net.mooctest.TestFibonacciHeap" name="testDenseWeightedGraph" time="0.032"/>
  <testcase classname="net.mooctest.TestFibonacciHeap" name="test" time="0.003"/>
  <testcase classname="net.mooctest.TestFibonacciHeap" name="testWeighted" time="0.018"/>
</testsuite>