<?xml version="1.0" encoding="UTF-8" ?>
<testsuite tests="21" failures="0" name="net.mooctest.KBestArborescences_ESTest" time="0.025" errors="0" skipped="0">
  <properties>
[...]
</properties>
  <testcase classname="net.mooctest.KBestArborescences_ESTest" name="testcd276c46_7ba6_4e7e_888c_e0a5dd55522f07" time="0"/>
  <testcase classname="net.mooctest.KBestArborescences_ESTest" name="test3df0ff5a_f5f4_4778_84d5_c3cfa02a51gogo6" time="0"/>
  <testcase classname="net.mooctest.KBestArborescences_ESTest" name="test3df0ff5a_f5f4_4778_84d5_c3cfa02a51ef19" time="0.002"/>
  <testcase classname="net.mooctest.KBestArborescences_ESTest" name="test30303420_efce_45f9_a5c3_988ff1230d5a00" time="0.002"/>
  <testcase classname="net.mooctest.KBestArborescences_ESTest" name="testdcd106c5_ffeb_4c60_8de7_6572f3bec59305" time="0.001"/>
  <testcase classname="net.mooctest.KBestArborescences_ESTest" name="test1f2ab9d2_b308_46a6_b7c6_243206ff4ef710" time="0.003"/>
  <testcase classname="net.mooctest.KBestArborescences_ESTest" name="teste5de465f_1938_4d7e_b7e1_d916943a203317" time="0.002"/>
  <testcase classname="net.mooctest.KBestArborescences_ESTest" name="test1e34ee4b_f268_47ff_8bb9_41cb8ce2d01216" time="0.001"/>
  <testcase classname="net.mooctest.KBestArborescences_ESTest" name="testf70ab8a9_9f05_46a1_8343_ce9934a8217c06" time="0.001"/>
  <testcase classname="net.mooctest.KBestArborescences_ESTest" name="test546b4ea6_3e3f_474c_abbd_67970f392eba18" time="0.002"/>
  <testcase classname="net.mooctest.KBestArborescences_ESTest" name="testadd06944_cd37_4671_913c_68b8ef34112613" time="0.001"/>
  <testcase classname="net.mooctest.KBestArborescences_ESTest" name="test20984c0f_17e7_49c8_81da_6a249184f97414" time="0.004"/>
  <testcase classname="net.mooctest.KBestArborescences_ESTest" name="test9a2bf926_df54_4220_96eb_9abd079e79a808" time="0"/>
  <testcase classname="net.mooctest.KBestArborescences_ESTest" name="test12a6b584_3380_457d_a1fb_c271f99c2d1901" time="0.001"/>
  <testcase classname="net.mooctest.KBestArborescences_ESTest" name="test5c1cfb2e_3fc4_4d81_87f8_814d267bb47c04" time="0"/>
  <testcase classname="net.mooctest.KBestArborescences_ESTest" name="test44d47d5c_bb3d_456c_8bcb_c28a36111d1f11" time="0.001"/>
  <testcase classname="net.mooctest.KBestArborescences_ESTest" name="testec0c099a_610a_4e5d_8a94_73908071610c12" time="0"/>
  <testcase classname="net.mooctest.KBestArborescences_ESTest" name="testc3223eb2_bc4a_4517_8e05_a61e64da27ea03" time="0.001"/>
  <testcase classname="net.mooctest.KBestArborescences_ESTest" name="test4bce6edc_b4de_479a_a9f9_01a8e34c989b09" time="0"/>
  <testcase classname="net.mooctest.KBestArborescences_ESTest" name="testd854cb56_323b_4131_a0f3_5587db7bb99802" time="0.001"/>
  <testcase classname="net.mooctest.KBestArborescences_ESTest" name="test514d00df_fc9e_46ae_a018_01af1d3f7eba15" time="0.002"/>
</testsuite>