<?xml version="1.0" encoding="UTF-8" ?>
<testsuite tests="9" failures="0" name="net.mooctest.WeightedGraph_ESTest" time="0.012" errors="0" skipped="0">
  <properties>
[...]
</properties>
  <testcase classname="net.mooctest.WeightedGraph_ESTest" name="test76762b48_8b97_4bfc_a732_6c7a383d2fd80" time="0"/>
  <testcase classname="net.mooctest.WeightedGraph_ESTest" name="teste5c0de8d_caa3_44cb_b0b0_04cc85b45a0e7" time="0.001"/>
  <testcase classname="net.mooctest.WeightedGraph_ESTest" name="teste6035f21_a8d8_4cb0_afa7_b13644b549956" time="0"/>
  <testcase classname="net.mooctest.WeightedGraph_ESTest" name="test9717df7a_3112_4e63_b08b_b26cc87b0c8e1" time="0"/>
  <testcase classname="net.mooctest.WeightedGraph_ESTest" name="test69954338_ea38_4f09_91f7_dbf2d06154ec5" time="0.001"/>
  <testcase classname="net.mooctest.WeightedGraph_ESTest" name="test124a8c0c_ae99_455d_832e_4aa38a51d9632" time="0"/>
  <testcase classname="net.mooctest.WeightedGraph_ESTest" name="test49d646da_a0e8_4126_85e6_7bd392a8d4b53" time="0.001"/>
  <testcase classname="net.mooctest.WeightedGraph_ESTest" name="testaf306b0d_fb63_4227_8cb1_f6aa5851d8308" time="0.008"/>
  <testcase classname="net.mooctest.WeightedGraph_ESTest" name="test5c621fa2_5f14_4ae6_8a66_c30c12457f994" time="0.001"/>
</testsuite>