<?xml version="1.0" encoding="UTF-8" ?>
<testsuite tests="11" failures="0" name="net.mooctest.SparseWeightedGraph_ESTest" time="0.022" errors="0" skipped="0">
  <properties>
[...]
</properties>
  <testcase classname="net.mooctest.SparseWeightedGraph_ESTest" name="test8fa1b1d0_38d0_4eb0_8302_903e91fad96305" time="0"/>
  <testcase classname="net.mooctest.SparseWeightedGraph_ESTest" name="test9ce09070_cde9_416f_8e0d_0ad45d3f161d06" time="0.002"/>
  <testcase classname="net.mooctest.SparseWeightedGraph_ESTest" name="test903e4d40_8950_4ed3_b2d3_bf5e3df4343702" time="0.011"/>
  <testcase classname="net.mooctest.SparseWeightedGraph_ESTest" name="testfe0ce4fa_145b_49ca_8dfe_f27099e6a58c07" time="0"/>
  <testcase classname="net.mooctest.SparseWeightedGraph_ESTest" name="test13377be2_a662_45ab_a8d4_c44a324015ac10" time="0"/>
  <testcase classname="net.mooctest.SparseWeightedGraph_ESTest" name="test9f40fe82_5309_4e2f_944a_902bc08f29d201" time="0.005"/>
  <testcase classname="net.mooctest.SparseWeightedGraph_ESTest" name="test83c7a305_9a67_4123_8731_aead98725f4b04" time="0"/>
  <testcase classname="net.mooctest.SparseWeightedGraph_ESTest" name="testb79bcd82_5ab1_46d0_867d_b9da1039667403" time="0.002"/>
  <testcase classname="net.mooctest.SparseWeightedGraph_ESTest" name="test492f8cc2_50ee_44c7_8ee2_8c96ec514b1708" time="0"/>
  <testcase classname="net.mooctest.SparseWeightedGraph_ESTest" name="testb1aa59ef_b908_4f50_bdb7_3535108663db09" time="0.001"/>
  <testcase classname="net.mooctest.SparseWeightedGraph_ESTest" name="testc5182ec8_8a6e_4565_b881_f321a557d0e100" time="0.001"/>
</testsuite>