<?xml version="1.0" encoding="UTF-8" ?>
<testsuite tests="26" failures="0" name="net.mooctest.FibonacciHeap_ESTest" time="0.012" errors="0" skipped="0">
  <properties>
[...]
</properties>
  <testcase classname="net.mooctest.FibonacciHeap_ESTest" name="test64c37627_95ef_48af_a5ad_413243f557d710" time="0"/>
  <testcase classname="net.mooctest.FibonacciHeap_ESTest" name="test909a3604_36bc_49e4_af16_f4023d6f346406" time="0"/>
  <testcase classname="net.mooctest.FibonacciHeap_ESTest" name="test21cac4c6_4260_4660_8b30_f1cc804dd24220" time="0"/>
  <testcase classname="net.mooctest.FibonacciHeap_ESTest" name="test21cac4c6_4260_4660_8b30_f1cc804ddgogo1" time="0"/>
  <testcase classname="net.mooctest.FibonacciHeap_ESTest" name="test21cac4c6_4260_4660_8b30_f1cc804ddgogo2" time="0.001"/>
  <testcase classname="net.mooctest.FibonacciHeap_ESTest" name="test21cac4c6_4260_4660_8b30_f1cc804ddgogo3" time="0"/>
  <testcase classname="net.mooctest.FibonacciHeap_ESTest" name="test21cac4c6_4260_4660_8b30_f1cc804ddgogo4" time="0.002"/>
  <testcase classname="net.mooctest.FibonacciHeap_ESTest" name="test21cac4c6_4260_4660_8b30_f1cc804ddgogo5" time="0"/>
  <testcase classname="net.mooctest.FibonacciHeap_ESTest" name="test132d0987_d00c_49b8_a1ff_8127dee7eb0f14" time="0"/>
  <testcase classname="net.mooctest.FibonacciHeap_ESTest" name="testa194bc87_aa0e_426d_8008_f7fe3283f58219" time="0.001"/>
  <testcase classname="net.mooctest.FibonacciHeap_ESTest" name="teste9326401_b54a_4ad6_bd9c_8aa70f7853d307" time="0"/>
  <testcase classname="net.mooctest.FibonacciHeap_ESTest" name="test4ec023a3_9099_4b38_bd62_978c201caae412" time="0.001"/>
  <testcase classname="net.mooctest.FibonacciHeap_ESTest" name="testca8bfa9e_dde0_4e5d_b952_f03f94e39e9a00" time="0"/>
  <testcase classname="net.mooctest.FibonacciHeap_ESTest" name="testb0a81f75_dfaa_415b_8cad_be7b1cb864a802" time="0.001"/>
  <testcase classname="net.mooctest.FibonacciHeap_ESTest" name="test7a496298_2ab0_43c5_a89d_c8b878e3198613" time="0"/>
  <testcase classname="net.mooctest.FibonacciHeap_ESTest" name="testfba1521a_21d1_4af4_b4c4_664221f88dbe08" time="0"/>
  <testcase classname="net.mooctest.FibonacciHeap_ESTest" name="test1ff21539_c091_4ad0_aa59_9c46d2fba0e809" time="0"/>
  <testcase classname="net.mooctest.FibonacciHeap_ESTest" name="test013ce2b1_3854_4102_83f9_6d3b5031639815" time="0.002"/>
  <testcase classname="net.mooctest.FibonacciHeap_ESTest" name="testa4fc4d46_7ece_45ad_85ec_0863205d48fc01" time="0"/>
  <testcase classname="net.mooctest.FibonacciHeap_ESTest" name="testda8d9790_4598_423b_959a_941f71a009a416" time="0.001"/>
  <testcase classname="net.mooctest.FibonacciHeap_ESTest" name="test2e6583d3_0c8f_426a_9215_a35b42a068a718" time="0"/>
  <testcase classname="net.mooctest.FibonacciHeap_ESTest" name="test2569fd18_f7a5_4324_8965_5887c0cdbd3703" time="0.001"/>
  <testcase classname="net.mooctest.FibonacciHeap_ESTest" name="test3b55ed35_9adc_4a23_94e7_7cfab7b5b9b017" time="0"/>
  <testcase classname="net.mooctest.FibonacciHeap_ESTest" name="test378796a8_f59f_4be1_9ab6_8fa533e8b95511" time="0.001"/>
  <testcase classname="net.mooctest.FibonacciHeap_ESTest" name="test7a514960_821f_47f6_8d14_f66883268b2c04" time="0"/>
  <testcase classname="net.mooctest.FibonacciHeap_ESTest" name="testc33961bd_e792_4e27_b338_f857fc205d0a05" time="0.001"/>
</testsuite>